<?xml version="1.0" encoding="UTF-8"?>
<!-- Generated by org.testng.reporters.JUnitReportReporter -->
<testsuite hostname="DESKTOP-VPQEO95" failures="0" tests="1" name="PracticeScriptsAmazon.Olympics" time="6.677" errors="0" timestamp="2021-11-11T15:24:55 IST" skipped="0">
  <testcase classname="PracticeScriptsAmazon.Olympics" name="oylmpicsTest" time="6.677"/>
  <system-out/>
</testsuite> <!-- PracticeScriptsAmazon.Olympics -->
