<?xml version="1.0" encoding="UTF-8"?>
<!-- Generated by org.testng.reporters.JUnitReportReporter -->
<testsuite hostname="DESKTOP-VPQEO95" failures="0" tests="1" name="com.vtigerOrgModuleTC.CreateOrgWithShippingAddr" time="41.696" errors="0" timestamp="2021-11-01T15:47:10 IST" skipped="0">
  <testcase classname="com.vtigerOrgModuleTC.CreateOrgWithShippingAddr" name="createOrgWithShippingAddrTest" time="41.696"/>
  <system-out>
    <![CDATA[Organization created
Verification Done]]>
  </system-out>
</testsuite> <!-- com.vtigerOrgModuleTC.CreateOrgWithShippingAddr -->
