<?xml version="1.0" encoding="UTF-8"?>
<!-- Generated by org.testng.reporters.JUnitReportReporter -->
<testsuite hostname="DESKTOP-VPQEO95" failures="0" tests="1" name="JDBCCon.ExecuteQuery" time="0.297" errors="0" timestamp="27 Oct 2021 11:00:33 GMT" skipped="0">
  <testcase classname="JDBCCon.ExecuteQuery" name="executeQueryTest" time="0.297"/>
</testsuite> <!-- JDBCCon.ExecuteQuery -->
