<?xml version="1.0" encoding="UTF-8"?>
<!-- Generated by org.testng.reporters.JUnitReportReporter -->
<testsuite hostname="DESKTOP-VPQEO95" failures="0" tests="1" name="PracticeScriptsAmazon.ICCMatches" time="6.096" errors="0" timestamp="2021-11-11T10:44:36 IST" skipped="0">
  <testcase classname="PracticeScriptsAmazon.ICCMatches" name="iccMatchesTest" time="6.096"/>
  <system-out/>
</testsuite> <!-- PracticeScriptsAmazon.ICCMatches -->
