<?xml version="1.0" encoding="UTF-8"?>
<!-- Generated by org.testng.reporters.JUnitReportReporter -->
<testsuite hostname="DESKTOP-VPQEO95" failures="0" tests="1" name="JDBCCon.VerifyDataFromDb" time="0.368" errors="0" timestamp="28 Oct 2021 06:37:35 GMT" skipped="0">
  <testcase classname="JDBCCon.VerifyDataFromDb" name="verifyDataFromDBTest" time="0.368"/>
</testsuite> <!-- JDBCCon.VerifyDataFromDb -->
