<?xml version="1.0" encoding="UTF-8"?>
<!-- Generated by org.testng.reporters.JUnitReportReporter -->
<testsuite hostname="DESKTOP-VPQEO95" failures="0" tests="1" name="com.datadrivenpractice.ReadDataFromJSON" time="0.028" errors="0" timestamp="27 Oct 2021 09:21:17 GMT" skipped="0">
  <testcase classname="com.datadrivenpractice.ReadDataFromJSON" name="readJSONData" time="0.028"/>
</testsuite> <!-- com.datadrivenpractice.ReadDataFromJSON -->
