<?xml version="1.0" encoding="UTF-8"?>
<!-- Generated by org.testng.reporters.JUnitReportReporter -->
<testsuite hostname="DESKTOP-VPQEO95" failures="0" tests="1" name="com.vtiger.testcases.WebTableOrg" time="18.349" errors="0" timestamp="2021-11-10T17:31:48 IST" skipped="0">
  <testcase classname="com.vtiger.testcases.WebTableOrg" name="webTableHandleTest" time="18.349"/>
  <system-out/>
</testsuite> <!-- com.vtiger.testcases.WebTableOrg -->
