<?xml version="1.0" encoding="UTF-8"?>
<!-- Generated by org.testng.reporters.JUnitReportReporter -->
<testsuite hostname="DESKTOP-VPQEO95" failures="0" tests="1" name="com.vtiger.testcases.LoginTest" time="29.998" errors="0" timestamp="2021-11-15T15:10:46 IST" skipped="0">
  <testcase classname="com.vtiger.testcases.LoginTest" name="loginTest" time="29.998"/>
  <system-out/>
</testsuite> <!-- com.vtiger.testcases.LoginTest -->
