<?xml version="1.0" encoding="UTF-8"?>
<!-- Generated by org.testng.reporters.JUnitReportReporter -->
<testsuite hostname="DESKTOP-VPQEO95" failures="0" tests="1" name="PracticeScriptsAmazon.SVGHandling" time="6.934" errors="0" timestamp="2021-11-11T12:01:30 IST" skipped="0">
  <testcase classname="PracticeScriptsAmazon.SVGHandling" name="svgHandleTest" time="6.934"/>
  <system-out/>
</testsuite> <!-- PracticeScriptsAmazon.SVGHandling -->
