<?xml version="1.0" encoding="UTF-8"?>
<!-- Generated by org.testng.reporters.JUnitReportReporter -->
<testsuite hostname="DESKTOP-VPQEO95" failures="0" tests="1" name="PracticeScriptsAmazon.OlympicsAtheletes" time="7.162" errors="0" timestamp="2021-11-11T13:51:26 IST" skipped="0">
  <testcase classname="PracticeScriptsAmazon.OlympicsAtheletes" name="oympicsAthelesTest" time="7.162"/>
  <system-out/>
</testsuite> <!-- PracticeScriptsAmazon.OlympicsAtheletes -->
