<?xml version="1.0" encoding="UTF-8"?>
<!-- Generated by org.testng.reporters.JUnitReportReporter -->
<testsuite hostname="DESKTOP-VPQEO95" failures="0" tests="1" name="com.datadrivenpractice.ReadFromCmdLineTest" time="0.013" errors="0" timestamp="26 Oct 2021 11:36:22 GMT" skipped="0">
  <testcase classname="com.datadrivenpractice.ReadFromCmdLineTest" name="ReadFromCMD" time="0.013"/>
</testsuite> <!-- com.datadrivenpractice.ReadFromCmdLineTest -->
