<?xml version="1.0" encoding="UTF-8"?>
<!-- Generated by org.testng.reporters.JUnitReportReporter -->
<testsuite hostname="DESKTOP-VPQEO95" failures="0" tests="6" name="com.TestNGPractice.PriorityPractice" time="0.016" errors="0" timestamp="2021-11-01T16:59:47 IST" skipped="0">
  <testcase classname="com.TestNGPractice.PriorityPractice" name="prorityPractice" time="0.002"/>
  <system-out/>
  <testcase classname="com.TestNGPractice.PriorityPractice" name="deleteOrg" time="0.002"/>
  <system-out/>
  <testcase classname="com.TestNGPractice.PriorityPractice" name="prorityPractice" time="0.000"/>
  <system-out/>
  <testcase classname="com.TestNGPractice.PriorityPractice" name="createOrg" time="0.009"/>
  <system-out/>
  <testcase classname="com.TestNGPractice.PriorityPractice" name="modifyOrg" time="0.000"/>
  <system-out/>
  <testcase classname="com.TestNGPractice.PriorityPractice" name="prorityPractice" time="0.003"/>
  <system-out/>
</testsuite> <!-- com.TestNGPractice.PriorityPractice -->
