<?xml version="1.0" encoding="UTF-8"?>
<!-- Generated by org.testng.reporters.JUnitReportReporter -->
<testsuite hostname="DESKTOP-VPQEO95" failures="0" tests="1" name="PracticeScriptsAmazon.SearchMobile" time="19.058" errors="0" timestamp="2021-11-10T11:48:00 IST" skipped="0">
  <testcase classname="PracticeScriptsAmazon.SearchMobile" name="searchMobileTest" time="19.058"/>
  <system-out/>
</testsuite> <!-- PracticeScriptsAmazon.SearchMobile -->
