<?xml version="1.0" encoding="UTF-8"?>
<!-- Generated by org.testng.reporters.JUnitReportReporter -->
<testsuite hostname="DESKTOP-VPQEO95" failures="0" tests="1" name="JDBCCon.UpdateQuery" time="0.339" errors="0" timestamp="28 Oct 2021 06:49:49 GMT" skipped="0">
  <testcase classname="JDBCCon.UpdateQuery" name="updateQueryTest" time="0.339"/>
</testsuite> <!-- JDBCCon.UpdateQuery -->
