<?xml version="1.0" encoding="UTF-8"?>
<!-- Generated by org.testng.reporters.JUnitReportReporter -->
<testsuite hostname="DESKTOP-VPQEO95" failures="0" tests="1" name="com.vtigerOrgModuleTC.CopyShippingAddress" time="38.617" errors="0" timestamp="2021-10-30T10:59:36 IST" skipped="0">
  <testcase classname="com.vtigerOrgModuleTC.CopyShippingAddress" name="copySHippingAddressTest" time="38.617"/>
  <system-out/>
</testsuite> <!-- com.vtigerOrgModuleTC.CopyShippingAddress -->
