<?xml version="1.0" encoding="UTF-8"?>
<!-- Generated by org.testng.reporters.JUnitReportReporter -->
<testsuite hostname="DESKTOP-VPQEO95" failures="0" tests="1" name="com.datadrivenpractice.ReadPropertyFromPropertiesFileTest" time="0.025" errors="0" timestamp="26 Oct 2021 11:05:21 GMT" skipped="0">
  <testcase classname="com.datadrivenpractice.ReadPropertyFromPropertiesFileTest" name="readProperty" time="0.025"/>
</testsuite> <!-- com.datadrivenpractice.ReadPropertyFromPropertiesFileTest -->
