<?xml version="1.0" encoding="UTF-8"?>
<!-- Generated by org.testng.reporters.JUnitReportReporter -->
<testsuite hostname="DESKTOP-VPQEO95" failures="0" tests="1" name="com.OrganizationModule.testcases.OrganizationModule" time="27.072" errors="0" timestamp="2021-11-08T18:01:56 IST" skipped="0">
  <testcase classname="com.OrganizationModule.testcases.OrganizationModule" name="createOrg" time="27.072"/>
  <system-out/>
</testsuite> <!-- com.OrganizationModule.testcases.OrganizationModule -->
