<?xml version="1.0" encoding="UTF-8"?>
<!-- Generated by org.testng.reporters.JUnitReportReporter -->
<testsuite hostname="DESKTOP-VPQEO95" failures="0" tests="1" name="PracticeScriptsAmazon.SalaryFromExcel" time="0.580" errors="0" timestamp="2021-11-11T13:03:50 IST" skipped="0">
  <testcase classname="PracticeScriptsAmazon.SalaryFromExcel" name="salFromExcelTest" time="0.580"/>
  <system-out/>
</testsuite> <!-- PracticeScriptsAmazon.SalaryFromExcel -->
