<?xml version="1.0" encoding="UTF-8"?>
<!-- Generated by org.testng.reporters.JUnitReportReporter -->
<testsuite hostname="DESKTOP-VPQEO95" failures="0" tests="3" name="com.OrganizationModule.testcases.DataProviderImp" time="0.009" errors="0" timestamp="2021-11-02T17:48:40 IST" skipped="0">
  <testcase classname="com.OrganizationModule.testcases.DataProviderImp" name="getData" time="0.007"/>
  <system-out/>
  <testcase classname="com.OrganizationModule.testcases.DataProviderImp" name="getData" time="0.001"/>
  <system-out/>
  <testcase classname="com.OrganizationModule.testcases.DataProviderImp" name="getData" time="0.001"/>
  <system-out/>
</testsuite> <!-- com.OrganizationModule.testcases.DataProviderImp -->
