<?xml version="1.0" encoding="UTF-8"?>
<!-- Generated by org.testng.reporters.JUnitReportReporter -->
<testsuite hostname="DESKTOP-VPQEO95" failures="0" tests="4" name="PracticeScriptsAmazon.MMT" time="66.509" errors="0" timestamp="2021-11-10T15:57:32 IST" skipped="0">
  <testcase classname="PracticeScriptsAmazon.MMT" name="MMTTest" time="16.604"/>
  <system-out/>
  <testcase classname="PracticeScriptsAmazon.MMT" name="MMTTest" time="15.276"/>
  <system-out/>
  <testcase classname="PracticeScriptsAmazon.MMT" name="MMTTest" time="19.313"/>
  <system-out/>
  <testcase classname="PracticeScriptsAmazon.MMT" name="MMTTest" time="15.316"/>
  <system-out/>
</testsuite> <!-- PracticeScriptsAmazon.MMT -->
