<?xml version="1.0" encoding="UTF-8"?>
<!-- Generated by org.testng.reporters.JUnitReportReporter -->
<testsuite hostname="DESKTOP-VPQEO95" failures="0" tests="2" name="com.TestNGPractice.TestNGPractice" time="0.012" errors="0" timestamp="2021-11-01T11:53:02 IST" skipped="0">
  <testcase classname="com.TestNGPractice.TestNGPractice" name="modifyORg" time="0.003"/>
  <system-out/>
  <testcase classname="com.TestNGPractice.TestNGPractice" name="createORg" time="0.009"/>
  <system-out/>
</testsuite> <!-- com.TestNGPractice.TestNGPractice -->
